2024-06-30 11:44:39,247 INFO o.a.j.u.JMeterUtils: Setting Locale to en_EN
2024-06-30 11:44:39,349 INFO o.a.j.JMeter: Loading user properties from: /home/shiz/apache-jmeter-5.6.3/bin/user.properties
2024-06-30 11:44:39,362 INFO o.a.j.JMeter: Loading system properties from: /home/shiz/apache-jmeter-5.6.3/bin/system.properties
2024-06-30 11:44:39,380 INFO o.a.j.JMeter: Copyright (c) 1998-2024 The Apache Software Foundation
2024-06-30 11:44:39,380 INFO o.a.j.JMeter: Version 5.6.3
2024-06-30 11:44:39,380 INFO o.a.j.JMeter: java.version=11.0.23
2024-06-30 11:44:39,380 INFO o.a.j.JMeter: java.vm.name=OpenJDK 64-Bit Server VM
2024-06-30 11:44:39,380 INFO o.a.j.JMeter: os.name=Linux
2024-06-30 11:44:39,380 INFO o.a.j.JMeter: os.arch=amd64
2024-06-30 11:44:39,380 INFO o.a.j.JMeter: os.version=6.5.0-41-generic
2024-06-30 11:44:39,380 INFO o.a.j.JMeter: file.encoding=UTF-8
2024-06-30 11:44:39,380 INFO o.a.j.JMeter: java.awt.headless=null
2024-06-30 11:44:39,380 INFO o.a.j.JMeter: Max memory     =1073741824
2024-06-30 11:44:39,380 INFO o.a.j.JMeter: Available Processors =2
2024-06-30 11:44:39,415 INFO o.a.j.JMeter: Default Locale=English (EN)
2024-06-30 11:44:39,416 INFO o.a.j.JMeter: JMeter  Locale=English (EN)
2024-06-30 11:44:39,416 INFO o.a.j.JMeter: JMeterHome=/home/shiz/apache-jmeter-5.6.3
2024-06-30 11:44:39,416 INFO o.a.j.JMeter: user.dir  =/home/shiz/myproject/mlops-Assign4
2024-06-30 11:44:39,416 INFO o.a.j.JMeter: PWD       =/home/shiz/myproject/mlops-Assign4
2024-06-30 11:44:39,417 INFO o.a.j.JMeter: IP: 127.0.1.1 Name: myUbuntu FullName: myUbuntu.myguest.virtualbox.org
2024-06-30 11:44:39,481 INFO o.a.j.JMeter: Loaded icon properties from org/apache/jmeter/images/icon.properties
2024-06-30 11:44:47,714 INFO o.a.j.JMeterGuiLauncher: Setting LAF to: com.github.weisj.darklaf.DarkLaf:com.github.weisj.darklaf.theme.DarculaTheme
2024-06-30 11:47:24,490 INFO o.a.j.p.h.s.HTTPSamplerBase: Parser for text/html is org.apache.jmeter.protocol.http.parser.LagartoBasedHtmlParser
2024-06-30 11:47:24,491 INFO o.a.j.p.h.s.HTTPSamplerBase: Parser for application/xhtml+xml is org.apache.jmeter.protocol.http.parser.LagartoBasedHtmlParser
2024-06-30 11:47:24,491 INFO o.a.j.p.h.s.HTTPSamplerBase: Parser for application/xml is org.apache.jmeter.protocol.http.parser.LagartoBasedHtmlParser
2024-06-30 11:47:24,491 INFO o.a.j.p.h.s.HTTPSamplerBase: Parser for text/xml is org.apache.jmeter.protocol.http.parser.LagartoBasedHtmlParser
2024-06-30 11:47:24,491 INFO o.a.j.p.h.s.HTTPSamplerBase: Parser for text/vnd.wap.wml is org.apache.jmeter.protocol.http.parser.RegexpHTMLParser
2024-06-30 11:47:24,491 INFO o.a.j.p.h.s.HTTPSamplerBase: Parser for text/css is org.apache.jmeter.protocol.http.parser.CssParser
2024-06-30 11:49:13,956 INFO o.a.j.s.SampleResult: Note: Sample TimeStamps are START times
2024-06-30 11:49:13,956 INFO o.a.j.s.SampleResult: sampleresult.default.encoding is set to UTF-8
2024-06-30 11:49:13,958 INFO o.a.j.s.SampleResult: sampleresult.useNanoTime=true
2024-06-30 11:49:13,959 INFO o.a.j.s.SampleResult: sampleresult.nanoThreadSleep=5000
2024-06-30 11:53:35,167 INFO o.a.j.s.FileServer: Default base='/home/shiz/myproject/mlops-Assign4'
2024-06-30 11:53:35,168 INFO o.a.j.s.FileServer: Set new base='/home/shiz/myproject/mlops-Assign4'
2024-06-30 11:53:35,854 INFO o.a.j.s.SaveService: Testplan (JMX) version: 2.2. Testlog (JTL) version: 2.2
2024-06-30 11:53:35,870 INFO o.a.j.s.SaveService: Using SaveService properties version 5.0
2024-06-30 11:53:35,874 INFO o.a.j.s.SaveService: Using SaveService properties file encoding UTF-8
2024-06-30 11:55:38,100 INFO o.a.j.e.StandardJMeterEngine: Running the test!
2024-06-30 11:55:38,104 INFO o.a.j.s.SampleEvent: List of sample_variables: []
2024-06-30 11:55:38,105 INFO o.a.j.s.SampleEvent: List of sample_variables: []
2024-06-30 11:55:38,120 INFO o.a.j.e.u.CompoundVariable: Note: Function class names must contain the string: '.functions.'
2024-06-30 11:55:38,123 INFO o.a.j.e.u.CompoundVariable: Note: Function class names must not contain the string: '.gui.'
2024-06-30 11:55:38,979 INFO o.a.j.g.u.JMeterMenuBar: setRunning(true, *local*)
2024-06-30 11:55:39,273 INFO o.a.j.e.StandardJMeterEngine: Starting ThreadGroup: 1 : Thread Group
2024-06-30 11:55:39,274 INFO o.a.j.e.StandardJMeterEngine: Starting 100 threads for group Thread Group.
2024-06-30 11:55:39,276 INFO o.a.j.e.StandardJMeterEngine: Thread will continue on error
2024-06-30 11:55:39,287 INFO o.a.j.t.ThreadGroup: Starting thread group... number=1 threads=100 ramp-up=10 delayedStart=false
2024-06-30 11:55:39,345 INFO o.a.j.t.JMeterThread: Thread started: Thread Group 1-1
2024-06-30 11:55:39,432 INFO o.a.j.t.JMeterThread: Thread started: Thread Group 1-2
2024-06-30 11:55:39,503 INFO o.a.j.p.h.s.HTTPHCAbstractImpl: Local host = myUbuntu
2024-06-30 11:55:39,527 INFO o.a.j.t.JMeterThread: Thread started: Thread Group 1-3
2024-06-30 11:55:39,534 INFO o.a.j.p.h.s.HTTPHC4Impl: HTTP request retry count = 0
2024-06-30 11:55:39,631 INFO o.a.j.t.JMeterThread: Thread started: Thread Group 1-4
2024-06-30 11:55:39,713 INFO o.a.j.t.JMeterThread: Thread started: Thread Group 1-5
2024-06-30 11:55:39,763 INFO o.a.j.t.ThreadGroup: Started thread group number 1
2024-06-30 11:55:39,763 INFO o.a.j.e.StandardJMeterEngine: All thread groups have been started
2024-06-30 11:55:39,811 INFO o.a.j.t.JMeterThread: Thread started: Thread Group 1-6
2024-06-30 11:55:40,162 INFO o.a.j.t.JMeterThread: Thread started: Thread Group 1-9
2024-06-30 11:55:40,174 INFO o.a.j.t.JMeterThread: Thread started: Thread Group 1-7
2024-06-30 11:55:40,164 INFO o.a.j.t.JMeterThread: Thread started: Thread Group 1-8
2024-06-30 11:55:40,201 INFO o.a.j.t.JMeterThread: Thread started: Thread Group 1-10
2024-06-30 11:55:40,460 INFO o.a.j.t.JMeterThread: Thread started: Thread Group 1-12
2024-06-30 11:55:40,461 INFO o.a.j.t.JMeterThread: Thread started: Thread Group 1-11
2024-06-30 11:55:40,500 INFO o.a.j.t.JMeterThread: Thread started: Thread Group 1-13
2024-06-30 11:55:40,608 INFO o.a.j.t.JMeterThread: Thread started: Thread Group 1-14
2024-06-30 11:55:40,694 INFO o.a.j.t.JMeterThread: Thread started: Thread Group 1-15
2024-06-30 11:55:40,789 INFO o.a.j.t.JMeterThread: Thread started: Thread Group 1-16
2024-06-30 11:55:40,889 INFO o.a.j.t.JMeterThread: Thread started: Thread Group 1-17
2024-06-30 11:55:40,990 INFO o.a.j.t.JMeterThread: Thread started: Thread Group 1-18
2024-06-30 11:55:41,095 INFO o.a.j.t.JMeterThread: Thread started: Thread Group 1-19
2024-06-30 11:55:41,197 INFO o.a.j.t.JMeterThread: Thread started: Thread Group 1-20
2024-06-30 11:55:41,288 INFO o.a.j.t.JMeterThread: Thread started: Thread Group 1-21
2024-06-30 11:55:41,390 INFO o.a.j.t.JMeterThread: Thread started: Thread Group 1-22
2024-06-30 11:55:41,489 INFO o.a.j.t.JMeterThread: Thread started: Thread Group 1-23
2024-06-30 11:55:41,552 INFO o.a.j.t.JMeterThread: Thread is done: Thread Group 1-11
2024-06-30 11:55:41,554 INFO o.a.j.t.JMeterThread: Thread is done: Thread Group 1-13
2024-06-30 11:55:41,556 INFO o.a.j.t.JMeterThread: Thread finished: Thread Group 1-13
2024-06-30 11:55:41,562 INFO o.a.j.t.JMeterThread: Thread finished: Thread Group 1-11
2024-06-30 11:55:41,563 INFO o.a.j.t.JMeterThread: Thread is done: Thread Group 1-5
2024-06-30 11:55:41,563 INFO o.a.j.t.JMeterThread: Thread finished: Thread Group 1-5
2024-06-30 11:55:41,604 INFO o.a.j.t.JMeterThread: Thread started: Thread Group 1-24
2024-06-30 11:55:41,618 INFO o.a.j.t.JMeterThread: Thread is done: Thread Group 1-14
2024-06-30 11:55:41,618 INFO o.a.j.t.JMeterThread: Thread finished: Thread Group 1-14
2024-06-30 11:55:41,643 INFO o.a.j.t.JMeterThread: Thread is done: Thread Group 1-15
2024-06-30 11:55:41,643 INFO o.a.j.t.JMeterThread: Thread finished: Thread Group 1-15
2024-06-30 11:55:41,648 INFO o.a.j.t.JMeterThread: Thread is done: Thread Group 1-3
2024-06-30 11:55:41,648 INFO o.a.j.t.JMeterThread: Thread is done: Thread Group 1-16
2024-06-30 11:55:41,671 INFO o.a.j.t.JMeterThread: Thread finished: Thread Group 1-16
2024-06-30 11:55:41,669 INFO o.a.j.t.JMeterThread: Thread finished: Thread Group 1-3
2024-06-30 11:55:41,673 INFO o.a.j.t.JMeterThread: Thread is done: Thread Group 1-1
2024-06-30 11:55:41,673 INFO o.a.j.t.JMeterThread: Thread finished: Thread Group 1-1
2024-06-30 11:55:41,670 INFO o.a.j.t.JMeterThread: Thread is done: Thread Group 1-10
2024-06-30 11:55:41,674 INFO o.a.j.t.JMeterThread: Thread finished: Thread Group 1-10
2024-06-30 11:55:41,691 INFO o.a.j.t.JMeterThread: Thread started: Thread Group 1-25
2024-06-30 11:55:41,732 INFO o.a.j.t.JMeterThread: Thread is done: Thread Group 1-18
2024-06-30 11:55:41,732 INFO o.a.j.t.JMeterThread: Thread finished: Thread Group 1-18
2024-06-30 11:55:41,753 INFO o.a.j.t.JMeterThread: Thread is done: Thread Group 1-17
2024-06-30 11:55:41,753 INFO o.a.j.t.JMeterThread: Thread finished: Thread Group 1-17
2024-06-30 11:55:41,770 INFO o.a.j.t.JMeterThread: Thread is done: Thread Group 1-12
2024-06-30 11:55:41,770 INFO o.a.j.t.JMeterThread: Thread is done: Thread Group 1-7
2024-06-30 11:55:41,771 INFO o.a.j.t.JMeterThread: Thread finished: Thread Group 1-12
2024-06-30 11:55:41,785 INFO o.a.j.t.JMeterThread: Thread finished: Thread Group 1-7
2024-06-30 11:55:41,787 INFO o.a.j.t.JMeterThread: Thread is done: Thread Group 1-4
2024-06-30 11:55:41,787 INFO o.a.j.t.JMeterThread: Thread finished: Thread Group 1-4
2024-06-30 11:55:41,787 INFO o.a.j.t.JMeterThread: Thread is done: Thread Group 1-8
2024-06-30 11:55:41,793 INFO o.a.j.t.JMeterThread: Thread finished: Thread Group 1-8
2024-06-30 11:55:41,796 INFO o.a.j.t.JMeterThread: Thread is done: Thread Group 1-2
2024-06-30 11:55:41,796 INFO o.a.j.t.JMeterThread: Thread finished: Thread Group 1-2
2024-06-30 11:55:41,797 INFO o.a.j.t.JMeterThread: Thread started: Thread Group 1-26
2024-06-30 11:55:41,928 INFO o.a.j.t.JMeterThread: Thread started: Thread Group 1-27
2024-06-30 11:55:41,800 INFO o.a.j.t.JMeterThread: Thread is done: Thread Group 1-9
2024-06-30 11:55:41,930 INFO o.a.j.t.JMeterThread: Thread finished: Thread Group 1-9
2024-06-30 11:55:41,991 INFO o.a.j.t.JMeterThread: Thread started: Thread Group 1-28
2024-06-30 11:55:42,002 INFO o.a.j.t.JMeterThread: Thread is done: Thread Group 1-21
2024-06-30 11:55:42,002 INFO o.a.j.t.JMeterThread: Thread finished: Thread Group 1-21
2024-06-30 11:55:42,008 INFO o.a.j.t.JMeterThread: Thread is done: Thread Group 1-19
2024-06-30 11:55:42,008 INFO o.a.j.t.JMeterThread: Thread finished: Thread Group 1-19
2024-06-30 11:55:42,010 INFO o.a.j.t.JMeterThread: Thread is done: Thread Group 1-23
2024-06-30 11:55:42,011 INFO o.a.j.t.JMeterThread: Thread finished: Thread Group 1-23
2024-06-30 11:55:42,013 INFO o.a.j.t.JMeterThread: Thread is done: Thread Group 1-20
2024-06-30 11:55:42,014 INFO o.a.j.t.JMeterThread: Thread finished: Thread Group 1-20
2024-06-30 11:55:42,040 INFO o.a.j.t.JMeterThread: Thread is done: Thread Group 1-24
2024-06-30 11:55:42,040 INFO o.a.j.t.JMeterThread: Thread finished: Thread Group 1-24
2024-06-30 11:55:42,051 INFO o.a.j.t.JMeterThread: Thread is done: Thread Group 1-25
2024-06-30 11:55:42,051 INFO o.a.j.t.JMeterThread: Thread finished: Thread Group 1-25
2024-06-30 11:55:42,090 INFO o.a.j.t.JMeterThread: Thread started: Thread Group 1-29
2024-06-30 11:55:42,190 INFO o.a.j.t.JMeterThread: Thread started: Thread Group 1-30
2024-06-30 11:55:42,296 INFO o.a.j.t.JMeterThread: Thread is done: Thread Group 1-26
2024-06-30 11:55:42,297 INFO o.a.j.t.JMeterThread: Thread finished: Thread Group 1-26
2024-06-30 11:55:42,322 INFO o.a.j.t.JMeterThread: Thread started: Thread Group 1-31
2024-06-30 11:55:42,395 INFO o.a.j.t.JMeterThread: Thread is done: Thread Group 1-28
2024-06-30 11:55:42,395 INFO o.a.j.t.JMeterThread: Thread is done: Thread Group 1-27
2024-06-30 11:55:42,395 INFO o.a.j.t.JMeterThread: Thread finished: Thread Group 1-28
2024-06-30 11:55:42,395 INFO o.a.j.t.JMeterThread: Thread finished: Thread Group 1-27
2024-06-30 11:55:42,403 INFO o.a.j.t.JMeterThread: Thread started: Thread Group 1-32
2024-06-30 11:55:42,471 INFO o.a.j.t.JMeterThread: Thread is done: Thread Group 1-29
2024-06-30 11:55:42,471 INFO o.a.j.t.JMeterThread: Thread finished: Thread Group 1-29
2024-06-30 11:55:42,494 INFO o.a.j.t.JMeterThread: Thread started: Thread Group 1-33
2024-06-30 11:55:42,595 INFO o.a.j.t.JMeterThread: Thread is done: Thread Group 1-30
2024-06-30 11:55:42,595 INFO o.a.j.t.JMeterThread: Thread finished: Thread Group 1-30
2024-06-30 11:55:42,613 INFO o.a.j.t.JMeterThread: Thread started: Thread Group 1-34
2024-06-30 11:55:42,689 INFO o.a.j.t.JMeterThread: Thread is done: Thread Group 1-31
2024-06-30 11:55:42,690 INFO o.a.j.t.JMeterThread: Thread finished: Thread Group 1-31
2024-06-30 11:55:42,703 INFO o.a.j.t.JMeterThread: Thread started: Thread Group 1-35
2024-06-30 11:55:42,800 INFO o.a.j.t.JMeterThread: Thread started: Thread Group 1-36
2024-06-30 11:55:42,852 INFO o.a.j.t.JMeterThread: Thread is done: Thread Group 1-32
2024-06-30 11:55:42,852 INFO o.a.j.t.JMeterThread: Thread finished: Thread Group 1-32
2024-06-30 11:55:42,856 INFO o.a.j.t.JMeterThread: Thread is done: Thread Group 1-33
2024-06-30 11:55:42,856 INFO o.a.j.t.JMeterThread: Thread finished: Thread Group 1-33
2024-06-30 11:55:42,907 INFO o.a.j.t.JMeterThread: Thread started: Thread Group 1-37
2024-06-30 11:55:43,005 INFO o.a.j.t.JMeterThread: Thread started: Thread Group 1-38
2024-06-30 11:55:43,023 INFO o.a.j.t.JMeterThread: Thread is done: Thread Group 1-34
2024-06-30 11:55:43,023 INFO o.a.j.t.JMeterThread: Thread finished: Thread Group 1-34
2024-06-30 11:55:43,053 INFO o.a.j.t.JMeterThread: Thread is done: Thread Group 1-35
2024-06-30 11:55:43,053 INFO o.a.j.t.JMeterThread: Thread finished: Thread Group 1-35
2024-06-30 11:55:43,127 INFO o.a.j.t.JMeterThread: Thread started: Thread Group 1-39
2024-06-30 11:55:43,149 INFO o.a.j.t.JMeterThread: Thread is done: Thread Group 1-36
2024-06-30 11:55:43,150 INFO o.a.j.t.JMeterThread: Thread finished: Thread Group 1-36
2024-06-30 11:55:43,205 INFO o.a.j.t.JMeterThread: Thread started: Thread Group 1-40
2024-06-30 11:55:43,278 INFO o.a.j.t.JMeterThread: Thread is done: Thread Group 1-37
2024-06-30 11:55:43,278 INFO o.a.j.t.JMeterThread: Thread finished: Thread Group 1-37
2024-06-30 11:55:43,300 INFO o.a.j.t.JMeterThread: Thread started: Thread Group 1-41
2024-06-30 11:55:43,338 INFO o.a.j.t.JMeterThread: Thread is done: Thread Group 1-38
2024-06-30 11:55:43,338 INFO o.a.j.t.JMeterThread: Thread finished: Thread Group 1-38
2024-06-30 11:55:43,414 INFO o.a.j.t.JMeterThread: Thread started: Thread Group 1-42
2024-06-30 11:55:43,492 INFO o.a.j.t.JMeterThread: Thread is done: Thread Group 1-39
2024-06-30 11:55:43,492 INFO o.a.j.t.JMeterThread: Thread finished: Thread Group 1-39
2024-06-30 11:55:43,493 INFO o.a.j.t.JMeterThread: Thread started: Thread Group 1-43
2024-06-30 11:55:43,555 INFO o.a.j.t.JMeterThread: Thread is done: Thread Group 1-40
2024-06-30 11:55:43,555 INFO o.a.j.t.JMeterThread: Thread finished: Thread Group 1-40
2024-06-30 11:55:43,592 INFO o.a.j.t.JMeterThread: Thread started: Thread Group 1-44
2024-06-30 11:55:43,654 INFO o.a.j.t.JMeterThread: Thread is done: Thread Group 1-41
2024-06-30 11:55:43,654 INFO o.a.j.t.JMeterThread: Thread finished: Thread Group 1-41
2024-06-30 11:55:43,690 INFO o.a.j.t.JMeterThread: Thread started: Thread Group 1-45
2024-06-30 11:55:43,792 INFO o.a.j.t.JMeterThread: Thread is done: Thread Group 1-42
2024-06-30 11:55:43,792 INFO o.a.j.t.JMeterThread: Thread finished: Thread Group 1-42
2024-06-30 11:55:43,792 INFO o.a.j.t.JMeterThread: Thread started: Thread Group 1-46
2024-06-30 11:55:43,816 INFO o.a.j.t.JMeterThread: Thread is done: Thread Group 1-43
2024-06-30 11:55:43,816 INFO o.a.j.t.JMeterThread: Thread finished: Thread Group 1-43
2024-06-30 11:55:43,892 INFO o.a.j.t.JMeterThread: Thread started: Thread Group 1-47
2024-06-30 11:55:43,944 INFO o.a.j.t.JMeterThread: Thread is done: Thread Group 1-44
2024-06-30 11:55:43,944 INFO o.a.j.t.JMeterThread: Thread finished: Thread Group 1-44
2024-06-30 11:55:43,992 INFO o.a.j.t.JMeterThread: Thread started: Thread Group 1-48
2024-06-30 11:55:44,040 INFO o.a.j.t.JMeterThread: Thread is done: Thread Group 1-45
2024-06-30 11:55:44,041 INFO o.a.j.t.JMeterThread: Thread finished: Thread Group 1-45
2024-06-30 11:55:44,107 INFO o.a.j.t.JMeterThread: Thread started: Thread Group 1-49
2024-06-30 11:55:44,199 INFO o.a.j.t.JMeterThread: Thread started: Thread Group 1-50
2024-06-30 11:55:44,202 INFO o.a.j.t.JMeterThread: Thread is done: Thread Group 1-46
2024-06-30 11:55:44,202 INFO o.a.j.t.JMeterThread: Thread finished: Thread Group 1-46
2024-06-30 11:55:44,246 INFO o.a.j.t.JMeterThread: Thread is done: Thread Group 1-47
2024-06-30 11:55:44,247 INFO o.a.j.t.JMeterThread: Thread finished: Thread Group 1-47
2024-06-30 11:55:44,306 INFO o.a.j.t.JMeterThread: Thread started: Thread Group 1-51
2024-06-30 11:55:44,321 INFO o.a.j.t.JMeterThread: Thread is done: Thread Group 1-48
2024-06-30 11:55:44,322 INFO o.a.j.t.JMeterThread: Thread finished: Thread Group 1-48
2024-06-30 11:55:44,390 INFO o.a.j.t.JMeterThread: Thread started: Thread Group 1-52
2024-06-30 11:55:44,495 INFO o.a.j.t.JMeterThread: Thread started: Thread Group 1-53
2024-06-30 11:55:44,541 INFO o.a.j.t.JMeterThread: Thread is done: Thread Group 1-49
2024-06-30 11:55:44,542 INFO o.a.j.t.JMeterThread: Thread finished: Thread Group 1-49
2024-06-30 11:55:44,552 INFO o.a.j.t.JMeterThread: Thread is done: Thread Group 1-50
2024-06-30 11:55:44,552 INFO o.a.j.t.JMeterThread: Thread finished: Thread Group 1-50
2024-06-30 11:55:44,596 INFO o.a.j.t.JMeterThread: Thread started: Thread Group 1-54
2024-06-30 11:55:44,687 INFO o.a.j.t.JMeterThread: Thread is done: Thread Group 1-51
2024-06-30 11:55:44,687 INFO o.a.j.t.JMeterThread: Thread finished: Thread Group 1-51
2024-06-30 11:55:44,695 INFO o.a.j.t.JMeterThread: Thread started: Thread Group 1-55
2024-06-30 11:55:44,808 INFO o.a.j.t.JMeterThread: Thread is done: Thread Group 1-52
2024-06-30 11:55:44,809 INFO o.a.j.t.JMeterThread: Thread finished: Thread Group 1-52
2024-06-30 11:55:44,818 INFO o.a.j.t.JMeterThread: Thread started: Thread Group 1-56
2024-06-30 11:55:44,865 INFO o.a.j.t.JMeterThread: Thread is done: Thread Group 1-53
2024-06-30 11:55:44,865 INFO o.a.j.t.JMeterThread: Thread finished: Thread Group 1-53
2024-06-30 11:55:44,921 INFO o.a.j.t.JMeterThread: Thread started: Thread Group 1-57
2024-06-30 11:55:44,958 INFO o.a.j.t.JMeterThread: Thread is done: Thread Group 1-54
2024-06-30 11:55:44,958 INFO o.a.j.t.JMeterThread: Thread finished: Thread Group 1-54
2024-06-30 11:55:44,991 INFO o.a.j.t.JMeterThread: Thread started: Thread Group 1-58
2024-06-30 11:55:45,066 INFO o.a.j.t.JMeterThread: Thread is done: Thread Group 1-55
2024-06-30 11:55:45,067 INFO o.a.j.t.JMeterThread: Thread finished: Thread Group 1-55
2024-06-30 11:55:45,088 INFO o.a.j.t.JMeterThread: Thread is done: Thread Group 1-22
2024-06-30 11:55:45,088 INFO o.a.j.t.JMeterThread: Thread finished: Thread Group 1-22
2024-06-30 11:55:45,089 INFO o.a.j.t.JMeterThread: Thread started: Thread Group 1-59
2024-06-30 11:55:45,185 INFO o.a.j.t.JMeterThread: Thread is done: Thread Group 1-56
2024-06-30 11:55:45,185 INFO o.a.j.t.JMeterThread: Thread finished: Thread Group 1-56
2024-06-30 11:55:45,189 INFO o.a.j.t.JMeterThread: Thread started: Thread Group 1-60
2024-06-30 11:55:45,259 INFO o.a.j.t.JMeterThread: Thread is done: Thread Group 1-57
2024-06-30 11:55:45,259 INFO o.a.j.t.JMeterThread: Thread finished: Thread Group 1-57
2024-06-30 11:55:45,289 INFO o.a.j.t.JMeterThread: Thread started: Thread Group 1-61
2024-06-30 11:55:45,391 INFO o.a.j.t.JMeterThread: Thread started: Thread Group 1-62
2024-06-30 11:55:45,391 INFO o.a.j.t.JMeterThread: Thread is done: Thread Group 1-58
2024-06-30 11:55:45,391 INFO o.a.j.t.JMeterThread: Thread finished: Thread Group 1-58
2024-06-30 11:55:45,411 INFO o.a.j.t.JMeterThread: Thread is done: Thread Group 1-59
2024-06-30 11:55:45,412 INFO o.a.j.t.JMeterThread: Thread finished: Thread Group 1-59
2024-06-30 11:55:45,488 INFO o.a.j.t.JMeterThread: Thread started: Thread Group 1-63
2024-06-30 11:55:45,551 INFO o.a.j.t.JMeterThread: Thread is done: Thread Group 1-60
2024-06-30 11:55:45,551 INFO o.a.j.t.JMeterThread: Thread finished: Thread Group 1-60
2024-06-30 11:55:45,591 INFO o.a.j.t.JMeterThread: Thread started: Thread Group 1-64
2024-06-30 11:55:45,617 INFO o.a.j.t.JMeterThread: Thread is done: Thread Group 1-61
2024-06-30 11:55:45,618 INFO o.a.j.t.JMeterThread: Thread finished: Thread Group 1-61
2024-06-30 11:55:45,689 INFO o.a.j.t.JMeterThread: Thread started: Thread Group 1-65
2024-06-30 11:55:45,749 INFO o.a.j.t.JMeterThread: Thread is done: Thread Group 1-62
2024-06-30 11:55:45,749 INFO o.a.j.t.JMeterThread: Thread finished: Thread Group 1-62
2024-06-30 11:55:45,790 INFO o.a.j.t.JMeterThread: Thread started: Thread Group 1-66
2024-06-30 11:55:45,852 INFO o.a.j.t.JMeterThread: Thread is done: Thread Group 1-63
2024-06-30 11:55:45,852 INFO o.a.j.t.JMeterThread: Thread finished: Thread Group 1-63
2024-06-30 11:55:45,897 INFO o.a.j.t.JMeterThread: Thread started: Thread Group 1-67
2024-06-30 11:55:45,936 INFO o.a.j.t.JMeterThread: Thread is done: Thread Group 1-64
2024-06-30 11:55:45,936 INFO o.a.j.t.JMeterThread: Thread finished: Thread Group 1-64
2024-06-30 11:55:46,007 INFO o.a.j.t.JMeterThread: Thread started: Thread Group 1-68
2024-06-30 11:55:46,060 INFO o.a.j.t.JMeterThread: Thread is done: Thread Group 1-65
2024-06-30 11:55:46,060 INFO o.a.j.t.JMeterThread: Thread finished: Thread Group 1-65
2024-06-30 11:55:46,089 INFO o.a.j.t.JMeterThread: Thread started: Thread Group 1-69
2024-06-30 11:55:46,143 INFO o.a.j.t.JMeterThread: Thread is done: Thread Group 1-66
2024-06-30 11:55:46,143 INFO o.a.j.t.JMeterThread: Thread finished: Thread Group 1-66
2024-06-30 11:55:46,248 INFO o.a.j.t.JMeterThread: Thread started: Thread Group 1-70
2024-06-30 11:55:46,258 INFO o.a.j.t.JMeterThread: Thread is done: Thread Group 1-67
2024-06-30 11:55:46,258 INFO o.a.j.t.JMeterThread: Thread finished: Thread Group 1-67
2024-06-30 11:55:46,299 INFO o.a.j.t.JMeterThread: Thread started: Thread Group 1-71
2024-06-30 11:55:46,346 INFO o.a.j.t.JMeterThread: Thread is done: Thread Group 1-68
2024-06-30 11:55:46,346 INFO o.a.j.t.JMeterThread: Thread finished: Thread Group 1-68
2024-06-30 11:55:46,398 INFO o.a.j.t.JMeterThread: Thread started: Thread Group 1-72
2024-06-30 11:55:46,432 INFO o.a.j.t.JMeterThread: Thread is done: Thread Group 1-69
2024-06-30 11:55:46,433 INFO o.a.j.t.JMeterThread: Thread finished: Thread Group 1-69
2024-06-30 11:55:46,500 INFO o.a.j.t.JMeterThread: Thread started: Thread Group 1-73
2024-06-30 11:55:46,597 INFO o.a.j.t.JMeterThread: Thread started: Thread Group 1-74
2024-06-30 11:55:46,628 INFO o.a.j.t.JMeterThread: Thread is done: Thread Group 1-70
2024-06-30 11:55:46,628 INFO o.a.j.t.JMeterThread: Thread finished: Thread Group 1-70
2024-06-30 11:55:46,641 INFO o.a.j.t.JMeterThread: Thread is done: Thread Group 1-71
2024-06-30 11:55:46,641 INFO o.a.j.t.JMeterThread: Thread finished: Thread Group 1-71
2024-06-30 11:55:46,692 INFO o.a.j.t.JMeterThread: Thread started: Thread Group 1-75
2024-06-30 11:55:46,755 INFO o.a.j.t.JMeterThread: Thread is done: Thread Group 1-72
2024-06-30 11:55:46,755 INFO o.a.j.t.JMeterThread: Thread finished: Thread Group 1-72
2024-06-30 11:55:46,816 INFO o.a.j.t.JMeterThread: Thread started: Thread Group 1-76
2024-06-30 11:55:46,863 INFO o.a.j.t.JMeterThread: Thread is done: Thread Group 1-73
2024-06-30 11:55:46,863 INFO o.a.j.t.JMeterThread: Thread finished: Thread Group 1-73
2024-06-30 11:55:46,898 INFO o.a.j.t.JMeterThread: Thread started: Thread Group 1-77
2024-06-30 11:55:46,977 INFO o.a.j.t.JMeterThread: Thread is done: Thread Group 1-74
2024-06-30 11:55:46,977 INFO o.a.j.t.JMeterThread: Thread finished: Thread Group 1-74
2024-06-30 11:55:47,002 INFO o.a.j.t.JMeterThread: Thread started: Thread Group 1-78
2024-06-30 11:55:47,046 INFO o.a.j.t.JMeterThread: Thread is done: Thread Group 1-75
2024-06-30 11:55:47,046 INFO o.a.j.t.JMeterThread: Thread finished: Thread Group 1-75
2024-06-30 11:55:47,094 INFO o.a.j.t.JMeterThread: Thread started: Thread Group 1-79
2024-06-30 11:55:47,154 INFO o.a.j.t.JMeterThread: Thread is done: Thread Group 1-76
2024-06-30 11:55:47,154 INFO o.a.j.t.JMeterThread: Thread finished: Thread Group 1-76
2024-06-30 11:55:47,196 INFO o.a.j.t.JMeterThread: Thread started: Thread Group 1-80
2024-06-30 11:55:47,270 INFO o.a.j.t.JMeterThread: Thread is done: Thread Group 1-77
2024-06-30 11:55:47,270 INFO o.a.j.t.JMeterThread: Thread finished: Thread Group 1-77
2024-06-30 11:55:47,336 INFO o.a.j.t.JMeterThread: Thread started: Thread Group 1-81
2024-06-30 11:55:47,347 INFO o.a.j.t.JMeterThread: Thread is done: Thread Group 1-78
2024-06-30 11:55:47,347 INFO o.a.j.t.JMeterThread: Thread finished: Thread Group 1-78
2024-06-30 11:55:47,427 INFO o.a.j.t.JMeterThread: Thread started: Thread Group 1-82
2024-06-30 11:55:47,494 INFO o.a.j.t.JMeterThread: Thread started: Thread Group 1-83
2024-06-30 11:55:47,543 INFO o.a.j.t.JMeterThread: Thread is done: Thread Group 1-79
2024-06-30 11:55:47,543 INFO o.a.j.t.JMeterThread: Thread finished: Thread Group 1-79
2024-06-30 11:55:47,566 INFO o.a.j.t.JMeterThread: Thread is done: Thread Group 1-80
2024-06-30 11:55:47,566 INFO o.a.j.t.JMeterThread: Thread finished: Thread Group 1-80
2024-06-30 11:55:47,598 INFO o.a.j.t.JMeterThread: Thread started: Thread Group 1-84
2024-06-30 11:55:47,676 INFO o.a.j.t.JMeterThread: Thread is done: Thread Group 1-81
2024-06-30 11:55:47,676 INFO o.a.j.t.JMeterThread: Thread finished: Thread Group 1-81
2024-06-30 11:55:47,695 INFO o.a.j.t.JMeterThread: Thread started: Thread Group 1-85
2024-06-30 11:55:47,775 INFO o.a.j.t.JMeterThread: Thread is done: Thread Group 1-82
2024-06-30 11:55:47,775 INFO o.a.j.t.JMeterThread: Thread finished: Thread Group 1-82
2024-06-30 11:55:47,795 INFO o.a.j.t.JMeterThread: Thread started: Thread Group 1-86
2024-06-30 11:55:47,865 INFO o.a.j.t.JMeterThread: Thread is done: Thread Group 1-83
2024-06-30 11:55:47,865 INFO o.a.j.t.JMeterThread: Thread finished: Thread Group 1-83
2024-06-30 11:55:47,890 INFO o.a.j.t.JMeterThread: Thread started: Thread Group 1-87
2024-06-30 11:55:47,944 INFO o.a.j.t.JMeterThread: Thread is done: Thread Group 1-84
2024-06-30 11:55:47,945 INFO o.a.j.t.JMeterThread: Thread finished: Thread Group 1-84
2024-06-30 11:55:47,998 INFO o.a.j.t.JMeterThread: Thread started: Thread Group 1-88
2024-06-30 11:55:48,072 INFO o.a.j.t.JMeterThread: Thread is done: Thread Group 1-85
2024-06-30 11:55:48,072 INFO o.a.j.t.JMeterThread: Thread finished: Thread Group 1-85
2024-06-30 11:55:48,091 INFO o.a.j.t.JMeterThread: Thread started: Thread Group 1-89
2024-06-30 11:55:48,188 INFO o.a.j.t.JMeterThread: Thread is done: Thread Group 1-86
2024-06-30 11:55:48,188 INFO o.a.j.t.JMeterThread: Thread finished: Thread Group 1-86
2024-06-30 11:55:48,189 INFO o.a.j.t.JMeterThread: Thread started: Thread Group 1-90
2024-06-30 11:55:48,264 INFO o.a.j.t.JMeterThread: Thread is done: Thread Group 1-87
2024-06-30 11:55:48,264 INFO o.a.j.t.JMeterThread: Thread finished: Thread Group 1-87
2024-06-30 11:55:48,294 INFO o.a.j.t.JMeterThread: Thread started: Thread Group 1-91
2024-06-30 11:55:48,349 INFO o.a.j.t.JMeterThread: Thread is done: Thread Group 1-88
2024-06-30 11:55:48,349 INFO o.a.j.t.JMeterThread: Thread finished: Thread Group 1-88
2024-06-30 11:55:48,396 INFO o.a.j.t.JMeterThread: Thread started: Thread Group 1-92
2024-06-30 11:55:48,490 INFO o.a.j.t.JMeterThread: Thread started: Thread Group 1-93
2024-06-30 11:55:48,537 INFO o.a.j.t.JMeterThread: Thread is done: Thread Group 1-90
2024-06-30 11:55:48,538 INFO o.a.j.t.JMeterThread: Thread finished: Thread Group 1-90
2024-06-30 11:55:48,539 INFO o.a.j.t.JMeterThread: Thread is done: Thread Group 1-89
2024-06-30 11:55:48,540 INFO o.a.j.t.JMeterThread: Thread finished: Thread Group 1-89
2024-06-30 11:55:48,589 INFO o.a.j.t.JMeterThread: Thread started: Thread Group 1-94
2024-06-30 11:55:48,620 INFO o.a.j.t.JMeterThread: Thread is done: Thread Group 1-91
2024-06-30 11:55:48,621 INFO o.a.j.t.JMeterThread: Thread finished: Thread Group 1-91
2024-06-30 11:55:48,689 INFO o.a.j.t.JMeterThread: Thread started: Thread Group 1-95
2024-06-30 11:55:48,734 INFO o.a.j.t.JMeterThread: Thread is done: Thread Group 1-92
2024-06-30 11:55:48,734 INFO o.a.j.t.JMeterThread: Thread finished: Thread Group 1-92
2024-06-30 11:55:48,788 INFO o.a.j.t.JMeterThread: Thread started: Thread Group 1-96
2024-06-30 11:55:48,852 INFO o.a.j.t.JMeterThread: Thread is done: Thread Group 1-93
2024-06-30 11:55:48,852 INFO o.a.j.t.JMeterThread: Thread finished: Thread Group 1-93
2024-06-30 11:55:48,888 INFO o.a.j.t.JMeterThread: Thread started: Thread Group 1-97
2024-06-30 11:55:48,925 INFO o.a.j.t.JMeterThread: Thread is done: Thread Group 1-94
2024-06-30 11:55:48,925 INFO o.a.j.t.JMeterThread: Thread finished: Thread Group 1-94
2024-06-30 11:55:48,992 INFO o.a.j.t.JMeterThread: Thread started: Thread Group 1-98
2024-06-30 11:55:49,027 INFO o.a.j.t.JMeterThread: Thread is done: Thread Group 1-95
2024-06-30 11:55:49,028 INFO o.a.j.t.JMeterThread: Thread finished: Thread Group 1-95
2024-06-30 11:55:49,126 INFO o.a.j.t.JMeterThread: Thread started: Thread Group 1-99
2024-06-30 11:55:49,142 INFO o.a.j.t.JMeterThread: Thread is done: Thread Group 1-96
2024-06-30 11:55:49,143 INFO o.a.j.t.JMeterThread: Thread finished: Thread Group 1-96
2024-06-30 11:55:49,219 INFO o.a.j.t.JMeterThread: Thread started: Thread Group 1-100
2024-06-30 11:55:49,238 INFO o.a.j.t.JMeterThread: Thread is done: Thread Group 1-97
2024-06-30 11:55:49,238 INFO o.a.j.t.JMeterThread: Thread finished: Thread Group 1-97
2024-06-30 11:55:49,356 INFO o.a.j.t.JMeterThread: Thread is done: Thread Group 1-98
2024-06-30 11:55:49,356 INFO o.a.j.t.JMeterThread: Thread finished: Thread Group 1-98
2024-06-30 11:55:49,477 INFO o.a.j.t.JMeterThread: Thread is done: Thread Group 1-99
2024-06-30 11:55:49,477 INFO o.a.j.t.JMeterThread: Thread finished: Thread Group 1-99
2024-06-30 11:55:49,640 INFO o.a.j.t.JMeterThread: Thread is done: Thread Group 1-100
2024-06-30 11:55:49,640 INFO o.a.j.t.JMeterThread: Thread finished: Thread Group 1-100
2024-06-30 11:56:17,772 INFO o.a.j.t.JMeterThread: Thread is done: Thread Group 1-6
2024-06-30 11:56:17,772 INFO o.a.j.t.JMeterThread: Thread finished: Thread Group 1-6
2024-06-30 11:56:17,774 INFO o.a.j.e.StandardJMeterEngine: Notifying test listeners of end of test
2024-06-30 11:56:17,774 INFO o.a.j.g.u.JMeterMenuBar: setRunning(false, *local*)
